# JRE version: Java(TM) SE Runtime Environment (8.0_131-b11) (build 1.8.0_131-b11)
# Java VM: Java HotSpot(TM) Client VM (25.131-b11 mixed mode, sharing windows-x86 )
Heap:
 def new generation   total 14016K, used 10432K [0x03e00000, 0x04d30000, 0x09350000)
  eden space 12480K,  83% used [0x03e00000, 0x04830018, 0x04a30000)
  from space 1536K,   0% used [0x04a30000, 0x04a30000, 0x04bb0000)
  to   space 1536K,   0% used [0x04bb0000, 0x04bb0000, 0x04d30000)
 tenured generation   total 31028K, used 18615K [0x09350000, 0x0b19d000, 0x13e00000)
   the space 31028K,  59% used [0x09350000, 0x0a57dfa0, 0x0a57e000, 0x0b19d000)
 Metaspace       used 22899K, capacity 23804K, committed 23936K, reserved 23936K
GC Heap History (10 events):
Event: 28.327 GC heap before
{Heap before GC invocations=81 (full 2):
 def new generation   total 9408K, used 9371K [0x03e00000, 0x04830000, 0x09350000)
  eden space 8384K,  99% used [0x03e00000, 0x04626c88, 0x04630000)
  from space 1024K, 100% used [0x04730000, 0x04830000, 0x04830000)
  to   space 1024K,   0% used [0x04630000, 0x04630000, 0x04730000)
 tenured generation   total 20776K, used 17423K [0x09350000, 0x0a79a000, 0x13e00000)
   the space 20776K,  83% used [0x09350000, 0x0a453cb8, 0x0a453e00, 0x0a79a000)
 Metaspace       used 18919K, capacity 19809K, committed 19840K, reserved 19840K
Event: 28.377 GC heap after
Heap after GC invocations=82 (full 2):
 def new generation   total 9408K, used 1023K [0x03e00000, 0x04830000, 0x09350000)
  eden space 8384K,   0% used [0x03e00000, 0x03e00000, 0x04630000)
  from space 1024K,  99% used [0x04630000, 0x0472fff8, 0x04730000)
  to   space 1024K,   0% used [0x04730000, 0x04730000, 0x04830000)
 tenured generation   total 20776K, used 18744K [0x09350000, 0x0a79a000, 0x13e00000)
   the space 20776K,  90% used [0x09350000, 0x0a59e270, 0x0a59e400, 0x0a79a000)
 Metaspace       used 18919K, capacity 19809K, committed 19840K, reserved 19840K
}
Event: 30.377 GC heap before
{Heap before GC invocations=82 (full 2):
 def new generation   total 9408K, used 9407K [0x03e00000, 0x04830000, 0x09350000)
  eden space 8384K, 100% used [0x03e00000, 0x04630000, 0x04630000)
  from space 1024K,  99% used [0x04630000, 0x0472fff8, 0x04730000)
  to   space 1024K,   0% used [0x04730000, 0x04730000, 0x04830000)
 tenured generation   total 20776K, used 18744K [0x09350000, 0x0a79a000, 0x13e00000)
   the space 20776K,  90% used [0x09350000, 0x0a59e270, 0x0a59e400, 0x0a79a000)
 Metaspace       used 19757K, capacity 20676K, committed 20736K, reserved 20864K
Event: 30.418 GC heap after
Heap after GC invocations=83 (full 2):
 def new generation   total 9408K, used 1023K [0x03e00000, 0x04830000, 0x09350000)
  eden space 8384K,   0% used [0x03e00000, 0x03e00000, 0x04630000)
  from space 1024K,  99% used [0x04730000, 0x0482fff8, 0x04830000)
  to   space 1024K,   0% used [0x04630000, 0x04630000, 0x04730000)
 tenured generation   total 20776K, used 19845K [0x09350000, 0x0a79a000, 0x13e00000)
   the space 20776K,  95% used [0x09350000, 0x0a6b1738, 0x0a6b1800, 0x0a79a000)
 Metaspace       used 19757K, capacity 20676K, committed 20736K, reserved 20864K
}
Event: 32.275 GC heap before
{Heap before GC invocations=83 (full 2):
 def new generation   total 9408K, used 9407K [0x03e00000, 0x04830000, 0x09350000)
  eden space 8384K, 100% used [0x03e00000, 0x04630000, 0x04630000)
  from space 1024K,  99% used [0x04730000, 0x0482fff8, 0x04830000)
  to   space 1024K,   0% used [0x04630000, 0x04630000, 0x04730000)
 tenured generation   total 20776K, used 19845K [0x09350000, 0x0a79a000, 0x13e00000)
   the space 20776K,  95% used [0x09350000, 0x0a6b1738, 0x0a6b1800, 0x0a79a000)
 Metaspace       used 20554K, capacity 21469K, committed 21632K, reserved 21888K
Event: 32.297 GC heap after
Heap after GC invocations=84 (full 2):
 def new generation   total 9408K, used 1024K [0x03e00000, 0x04830000, 0x09350000)
  eden space 8384K,   0% used [0x03e00000, 0x03e00000, 0x04630000)
  from space 1024K, 100% used [0x04630000, 0x04730000, 0x04730000)
  to   space 1024K,   0% used [0x04730000, 0x04730000, 0x04830000)
 tenured generation   total 20776K, used 20131K [0x09350000, 0x0a79a000, 0x13e00000)
   the space 20776K,  96% used [0x09350000, 0x0a6f8f18, 0x0a6f9000, 0x0a79a000)
 Metaspace       used 20554K, capacity 21469K, committed 21632K, reserved 21888K
}
Event: 36.557 GC heap before
{Heap before GC invocations=84 (full 2):
 def new generation   total 9408K, used 9408K [0x03e00000, 0x04830000, 0x09350000)
  eden space 8384K, 100% used [0x03e00000, 0x04630000, 0x04630000)
  from space 1024K, 100% used [0x04630000, 0x04730000, 0x04730000)
  to   space 1024K,   0% used [0x04730000, 0x04730000, 0x04830000)
 tenured generation   total 20776K, used 20131K [0x09350000, 0x0a79a000, 0x13e00000)
   the space 20776K,  96% used [0x09350000, 0x0a6f8f18, 0x0a6f9000, 0x0a79a000)
 Metaspace       used 21306K, capacity 22237K, committed 22400K, reserved 22912K
Event: 36.581 GC heap after
Heap after GC invocations=85 (full 2):
 def new generation   total 9408K, used 1023K [0x03e00000, 0x04830000, 0x09350000)
  eden space 8384K,   0% used [0x03e00000, 0x03e00000, 0x04630000)
  from space 1024K,  99% used [0x04730000, 0x0482fff8, 0x04830000)
  to   space 1024K,   0% used [0x04630000, 0x04630000, 0x04730000)
 tenured generation   total 20776K, used 20506K [0x09350000, 0x0a79a000, 0x13e00000)
   the space 20776K,  98% used [0x09350000, 0x0a756908, 0x0a756a00, 0x0a79a000)
 Metaspace       used 21306K, capacity 22237K, committed 22400K, reserved 22912K
}
Event: 38.052 GC heap before
{Heap before GC invocations=85 (full 2):
 def new generation   total 9408K, used 9407K [0x03e00000, 0x04830000, 0x09350000)
  eden space 8384K, 100% used [0x03e00000, 0x04630000, 0x04630000)
  from space 1024K,  99% used [0x04730000, 0x0482fff8, 0x04830000)
  to   space 1024K,   0% used [0x04630000, 0x04630000, 0x04730000)
 tenured generation   total 20776K, used 20506K [0x09350000, 0x0a79a000, 0x13e00000)
   the space 20776K,  98% used [0x09350000, 0x0a756908, 0x0a756a00, 0x0a79a000)
 Metaspace       used 22118K, capacity 23037K, committed 23168K, reserved 23936K
Event: 38.522 GC heap after
Heap after GC invocations=86 (full 3):
 def new generation   total 14016K, used 0K [0x03e00000, 0x04d30000, 0x09350000)
  eden space 12480K,   0% used [0x03e00000, 0x03e00000, 0x04a30000)
  from space 1536K,   0% used [0x04a30000, 0x04a30000, 0x04bb0000)
  to   space 1536K,   0% used [0x04bb0000, 0x04bb0000, 0x04d30000)
 tenured generation   total 31028K, used 18615K [0x09350000, 0x0b19d000, 0x13e00000)
   the space 31028K,  59% used [0x09350000, 0x0a57dfa0, 0x0a57e000, 0x0b19d000)
 Metaspace       used 22068K, capacity 22972K, committed 23168K, reserved 23936K
}

